<?xml version="1.0" encoding="UTF-8"?>
<!-- Generated by org.testng.reporters.JUnitXMLReporter -->
<testsuite hostname="DESKTOP-KNSDJRN" name="Default test" tests="3" failures="0" timestamp="12 Aug 2021 18:41:07 GMT" time="39.947" errors="0">
  <testcase name="LoginToApp" time="7.033" classname="com.selenium_assignments.testscripts.Annotations_06To10"/>
  <testcase name="ClickOnTabsAndValidateTitle" time="28.909" classname="com.selenium_assignments.testscripts.Annotations_06To10"/>
  <testcase name="ReadDashBoardHeader" time="3.962" classname="com.selenium_assignments.testscripts.Annotations_06To10"/>
</testsuite> <!-- Default test -->
