<?xml version="1.0" encoding="UTF-8"?>
<testng-results skipped="0" failed="0" total="3" passed="3">
  <reporter-output>
    <line>
      <![CDATA[Title of the Page is :'OrangeHRM']]>
    </line>
    <line>
      <![CDATA[Title of the Page is :'OrangeHRM']]>
    </line>
    <line>
      <![CDATA[Title of the Page is :'OrangeHRM']]>
    </line>
    <line>
      <![CDATA[Title of the Page is :'OrangeHRM']]>
    </line>
    <line>
      <![CDATA[Title of the Page is :'OrangeHRM']]>
    </line>
    <line>
      <![CDATA[Text Displayed for the Header of the DashBoard page as :'Dashboard']]>
    </line>
  </reporter-output>
  <suite name="Default suite" duration-ms="39947" started-at="2021-08-12T18:40:27Z" finished-at="2021-08-12T18:41:07Z">
    <groups>
    </groups>
    <test name="Default test" duration-ms="39947" started-at="2021-08-12T18:40:27Z" finished-at="2021-08-12T18:41:07Z">
      <class name="com.selenium_assignments.testscripts.Annotations_06To10">
        <test-method status="PASS" signature="setUp()[pri:0, instance:com.selenium_assignments.testscripts.Annotations_06To10@3a82f6ef]" name="setUp" is-config="true" duration-ms="21138" started-at="2021-08-13T00:10:06Z" finished-at="2021-08-13T00:10:27Z">
          <reporter-output>
          </reporter-output>
        </test-method> <!-- setUp -->
        <test-method status="PASS" signature="LoginToApp()[pri:1, instance:com.selenium_assignments.testscripts.Annotations_06To10@3a82f6ef]" name="LoginToApp" duration-ms="7033" started-at="2021-08-13T00:10:27Z" finished-at="2021-08-13T00:10:34Z">
          <reporter-output>
          </reporter-output>
        </test-method> <!-- LoginToApp -->
        <test-method status="PASS" signature="ClickOnTabsAndValidateTitle()[pri:2, instance:com.selenium_assignments.testscripts.Annotations_06To10@3a82f6ef]" name="ClickOnTabsAndValidateTitle" duration-ms="28909" started-at="2021-08-13T00:10:34Z" finished-at="2021-08-13T00:11:03Z">
          <reporter-output>
            <line>
              <![CDATA[Title of the Page is :'OrangeHRM']]>
            </line>
            <line>
              <![CDATA[Title of the Page is :'OrangeHRM']]>
            </line>
            <line>
              <![CDATA[Title of the Page is :'OrangeHRM']]>
            </line>
            <line>
              <![CDATA[Title of the Page is :'OrangeHRM']]>
            </line>
            <line>
              <![CDATA[Title of the Page is :'OrangeHRM']]>
            </line>
          </reporter-output>
        </test-method> <!-- ClickOnTabsAndValidateTitle -->
        <test-method status="PASS" signature="ReadDashBoardHeader()[pri:3, instance:com.selenium_assignments.testscripts.Annotations_06To10@3a82f6ef]" name="ReadDashBoardHeader" duration-ms="3962" started-at="2021-08-13T00:11:03Z" finished-at="2021-08-13T00:11:07Z">
          <reporter-output>
            <line>
              <![CDATA[Text Displayed for the Header of the DashBoard page as :'Dashboard']]>
            </line>
          </reporter-output>
        </test-method> <!-- ReadDashBoardHeader -->
        <test-method status="PASS" signature="tearDown()[pri:0, instance:com.selenium_assignments.testscripts.Annotations_06To10@3a82f6ef]" name="tearDown" is-config="true" duration-ms="727" started-at="2021-08-13T00:11:07Z" finished-at="2021-08-13T00:11:08Z">
          <reporter-output>
          </reporter-output>
        </test-method> <!-- tearDown -->
      </class> <!-- com.selenium_assignments.testscripts.Annotations_06To10 -->
    </test> <!-- Default test -->
  </suite> <!-- Default suite -->
</testng-results>
